<?xml version="1.0" encoding="UTF-8"?>
<testsuite name="com.fellowship.UserRegistrationTest" tests="1" skipped="0" failures="0" errors="0" timestamp="2020-09-22T12:08:07" hostname="XOXO-CHELUVESHA" time="0.004">
  <properties/>
  <testcase name="givenFirstNameWhenShortReturnFalse" classname="com.fellowship.UserRegistrationTest" time="0.004"/>
  <system-out><![CDATA[]]></system-out>
  <system-err><![CDATA[]]></system-err>
</testsuite>
